<?xml version="1.0" encoding="UTF-8" ?>
<testsuites>
<testsuite name="Can send SMS" errors="0" tests="2" failures="0" time="0" timestamp="2016-02-16T16:18:00">
  <testcase classname="Can send SMS" name="message ID is returned" time="0"></testcase>
  <testcase classname="Can send SMS" name="GET request is issued" time="0"></testcase>
</testsuite>
</testsuites>