<?xml version="1.0" encoding="UTF-8" ?>
<testsuites>
<testsuite name="Can build URL" errors="0" tests="1" failures="0" time="0" timestamp="2016-02-15T18:44:04">
  <testcase classname="Can build URL" name="as escaped string having correct attributes passed" time="0"></testcase>
</testsuite>
</testsuites>