<?xml version="1.0" encoding="UTF-8" ?>
<testsuites>
<testsuite name="Core tests" errors="0" tests="1" failures="0" time="0" timestamp="2016-02-16T16:18:00">
  <testcase classname="Core tests" name="Methods not implemented" time="0"></testcase>
</testsuite>
</testsuites>