<?xml version="1.0" encoding="UTF-8" ?>
<testsuites>
<testsuite name="Can generate microtime" errors="0" tests="3" failures="0" time="0.001" timestamp="2016-02-16T16:18:00">
  <testcase classname="Can generate microtime" name="by default as INT" time="0"></testcase>
  <testcase classname="Can generate microtime" name="by default as INT" time="0"></testcase>
  <testcase classname="Can generate microtime" name="as FLOAT" time="0"></testcase>
</testsuite>
</testsuites>