<?xml version="1.0" encoding="UTF-8" ?>
<testsuites>
<testsuite name="Can validate data types" errors="0" tests="1" failures="0" time="0.003" timestamp="2016-02-15T18:44:04">
  <testcase classname="Can validate data types" name="Input types for send" time="0.003"></testcase>
</testsuite>
</testsuites>