<?xml version="1.0" encoding="UTF-8" ?>
<testsuites>
<testsuite name="Throws errors" errors="0" tests="1" failures="0" time="0" timestamp="2016-02-15T18:44:04">
  <testcase classname="Throws errors" name="for incorrect input FALSE is returned" time="0"></testcase>
</testsuite>
</testsuites>