<?xml version="1.0" encoding="UTF-8" ?>
<testsuites>
<testsuite name="Generates response for failed HTTP transaction in JSON envelope" errors="0" tests="5" failures="0" time="0.002" timestamp="2016-02-16T16:18:00">
  <testcase classname="Generates response for failed HTTP transaction in JSON envelope" name="Even blank and incomplete object contains configuration &amp; version id" time="0.001"></testcase>
  <testcase classname="Generates response for failed HTTP transaction in JSON envelope" name="When flag is passed and external function it is called to calculate credits" time="0"></testcase>
  <testcase classname="Generates response for failed HTTP transaction in JSON envelope" name="API and HTTP information populated if error codes are provided" time="0"></testcase>
  <testcase classname="Generates response for failed HTTP transaction in JSON envelope" name="Message length and MD5 are also set" time="0.001"></testcase>
  <testcase classname="Generates response for failed HTTP transaction in JSON envelope" name="Message is always given unique UID and numeric ID or zero is allocated" time="0"></testcase>
</testsuite>
</testsuites>