<?xml version="1.0" encoding="UTF-8" ?>
<testsuites>
<testsuite name="Generates response for a valid HTTP transaction in JSON envelope" errors="0" tests="2" failures="0" time="0.001" timestamp="2016-02-16T16:18:00">
  <testcase classname="Generates response for a valid HTTP transaction in JSON envelope" name="Message is always given unique UID and numeric ID or zero is allocated" time="0.001"></testcase>
  <testcase classname="Generates response for a valid HTTP transaction in JSON envelope" name="HTTP Status is 200, API error is empty &amp; error status is FALSE" time="0"></testcase>
</testsuite>
</testsuites>