<?xml version="1.0" encoding="UTF-8" ?>
<testsuites>
<testsuite name="Throws error" errors="0" tests="1" failures="0" time="0" timestamp="2016-02-16T16:18:00">
  <testcase classname="Throws error" name="on attempt to use invalid action" time="0"></testcase>
</testsuite>
</testsuites>