<?xml version="1.0" encoding="UTF-8" ?>
<testsuites>
<testsuite name="Reads from env vars" errors="0" tests="1" failures="0" time="0" timestamp="2016-02-16T16:18:00">
  <testcase classname="Reads from env vars" name="regardless how they are sey" time="0"></testcase>
</testsuite>
</testsuites>